<?xml version="1.0" encoding="UTF-8"?>
<!-- Generated by org.testng.reporters.JUnitXMLReporter -->
<testsuite ignored="0" hostname="LAPTOP-Q1P4S741" failures="0" tests="5" name="api-rest-assured-tests" time="5.947" errors="0" timestamp="2024-04-03T22:02:28 CEST">
  <testcase classname="RestTests" name="verifyCorrectGETRequest" time="4.064"/>
  <testcase classname="RestTests" name="verifyGETDrilldownsParameterRequest" time="0.122"/>
  <testcase classname="RestTests" name="verifyGETMeasuresParameterRequest" time="0.387"/>
  <testcase classname="RestTests" name="verifyPOSTRequest" time="1.073"/>
  <testcase classname="RestTests" name="verifyPUTRequest" time="0.219"/>
</testsuite> <!-- api-rest-assured-tests -->
